INFO-FLOW: Workspace /data/matthew/matmult/hw_emu/_x/block_mm/top/top/solution opened at Wed Jul 17 22:47:04 PDT 2024
Execute       send_msg_by_id INFO @200-1505@%s%s  vitis 
INFO: [HLS 200-1505] Using flow_target 'vitis'
Execute       send_msg_by_id INFO @200-435@%s%s 'open_solution -flow_target vitis' config_interface -m_axi_latency=64 
INFO: [HLS 200-435] Setting 'open_solution -flow_target vitis' configuration: config_interface -m_axi_latency=64
Execute       config_interface -m_axi_latency=64 
Execute       send_msg_by_id INFO @200-435@%s%s 'open_solution -flow_target vitis' config_interface -m_axi_alignment_byte_size=64 
INFO: [HLS 200-435] Setting 'open_solution -flow_target vitis' configuration: config_interface -m_axi_alignment_byte_size=64
Execute       config_interface -m_axi_alignment_byte_size=64 
Execute       send_msg_by_id INFO @200-435@%s%s 'open_solution -flow_target vitis' config_interface -m_axi_max_widen_bitwidth=512 
INFO: [HLS 200-435] Setting 'open_solution -flow_target vitis' configuration: config_interface -m_axi_max_widen_bitwidth=512
Execute       config_interface -m_axi_max_widen_bitwidth=512 
INFO-FLOW: Setting macro_cmd open_solution -flow_target vitis configuration: config_interface -default_interface=kernel
Execute       config_interface -default_interface=kernel 
Execute       send_msg_by_id INFO @200-435@%s%s 'open_solution -flow_target vitis' config_rtl -register_reset_num=3 
INFO: [HLS 200-435] Setting 'open_solution -flow_target vitis' configuration: config_rtl -register_reset_num=3
Execute       config_rtl -register_reset_num=3 
Execute     set_part xcu200-fsgd2104-2-e 
INFO: [HLS 200-1510] Running: set_part xcu200-fsgd2104-2-e 
Execute       create_platform xcu200-fsgd2104-2-e -board  
DBG:HLSDevice: Trying to load device library: /tools/Xilinx/Vitis_HLS/2022.2/lib/lnx64.o/libxv_hlsvwrap.so
DBG:HLSDevice: first parts/arch.xml in RDI_DATADIR: /tools/Xilinx/Vivado/2022.2/data/parts/arch.xml
DBG:HLSDevice: init success
INFO: [HLS 200-1611] Setting target device to 'xcu200-fsgd2104-2-e'
Command       create_platform done; 3.03 sec.
Execute       source /tools/Xilinx/Vitis_HLS/2022.2/common/technology/xilinx/common/xilinx.gen 
Execute         source /tools/Xilinx/Vitis_HLS/2022.2/common/technology/xilinx/interface/plb46.gen 
Execute         source /tools/Xilinx/Vitis_HLS/2022.2/common/technology/xilinx/interface/axi4.gen 
Execute         source /tools/Xilinx/Vitis_HLS/2022.2/common/technology/xilinx/interface/nativeAXI4.gen 
Execute           source /tools/Xilinx/Vitis_HLS/2022.2/common/technology/xilinx/interface/saxilite.gen 
Execute         source /tools/Xilinx/Vitis_HLS/2022.2/common/technology/xilinx/scripts/xilinxcoregen.gen 
Execute         source /tools/Xilinx/Vitis_HLS/2022.2/common/technology/xilinx/interface/XilEDKCoreGen.gen 
Execute         source /tools/Xilinx/Vitis_HLS/2022.2/common/technology/xilinx/ip/util.gen 
Execute         source /tools/Xilinx/Vitis_HLS/2022.2/common/technology/xilinx/ip/dds_compiler.gen 
Execute         source /tools/Xilinx/Vitis_HLS/2022.2/common/technology/xilinx/ip/xfft.gen 
Execute         source /tools/Xilinx/Vitis_HLS/2022.2/common/technology/xilinx/ip/xfir.gen 
Execute         source /tools/Xilinx/Vitis_HLS/2022.2/common/technology/xilinx/DSP48/dsp48.gen 
Execute       ap_part_info -name xcu200-fsgd2104-2-e -data info 
Execute       config_compile -quiet -complex-mul-dsp=0 
Command     set_part done; 3.16 sec.
Execute     create_clock -period 300.000000MHz -name default 
INFO: [HLS 200-1510] Running: create_clock -period 300.000000MHz -name default 
Execute       ap_set_clock -name default -period 3.333 -unit ns -default=false 
INFO: [SYN 201-201] Setting up clock 'default' with a period of 3.333ns.
Execute     config_rtl -kernel_profile 
INFO: [HLS 200-1510] Running: config_rtl -kernel_profile 
Execute     config_dataflow -strict_mode warning 
INFO: [HLS 200-1510] Running: config_dataflow -strict_mode warning 
Execute     config_debug -enable 
INFO: [HLS 200-1510] Running: config_debug -enable 
Execute     config_export -deadlock_detection sim 
INFO: [HLS 200-1510] Running: config_export -deadlock_detection sim 
WARNING: [HLS 200-483] The 'config_export -deadlock_detection' command is deprecated and will be removed in a future release. Use 'config_rtl -deadlock_detection' as its replacement.
INFO: [HLS 200-1907] Replacing 'config_export -deadlock_detection=sim' with 'config_rtl -deadlock_detection=sim' in current solution file
Execute     config_interface -m_axi_conservative_mode=1 
INFO: [HLS 200-1510] Running: config_interface -m_axi_conservative_mode=1 
Execute     config_interface -m_axi_addr64 
INFO: [HLS 200-1510] Running: config_interface -m_axi_addr64 
Execute     config_interface -m_axi_auto_max_ports=0 
INFO: [HLS 200-1510] Running: config_interface -m_axi_auto_max_ports=0 
Execute     config_export -format xo -ipname top 
INFO: [HLS 200-1510] Running: config_export -format xo -ipname top 
INFO: [HLS 200-1907] Replacing 'config_export -deadlock_detection=sim' with 'config_rtl -deadlock_detection=sim' in current solution file
Execute     csynth_design 
INFO: [HLS 200-1510] Running: csynth_design 
Execute       elaborate -effort=medium -skip_syncheck=0 -keep_printf=0 -skip_cdt=0 -skip_transform=0 -ng=0 -g=0 -opt_fp=0 -from_csynth_design=1 
INFO: [HLS 200-111] Finished File checks and directory preparation: CPU user time: 0.01 seconds. CPU system time: 0.01 seconds. Elapsed time: 0.01 seconds; current allocated memory: 1.072 GB.
INFO: [HLS 200-10] Analyzing design file '/data/matthew/matmult/src/block_mm_entry.cpp' ... 
INFO-FLOW: Compiling one TU...
INFO-FLOW: Handling /data/matthew/matmult/src/block_mm_entry.cpp as C++
Execute         ap_part_info -name xcu200-fsgd2104-2-e -data info 
INFO-FLOW: Running: GCC PP 39
INFO-FLOW: Source preprocessing
Execute         ap_eval exec -ignorestderr /tools/Xilinx/Vitis_HLS/2022.2/lnx64/tools/clang-3.9-csynth/bin/clang /data/matthew/matmult/src/block_mm_entry.cpp -foptimization-record-file=/data/matthew/matmult/hw_emu/_x/block_mm/top/top/solution/.autopilot/db/block_mm_entry.cpp.clang.diag.yml -mllvm -pass-remarks-missed=reflow|pasta|unroll -mllvm -pass-remarks=reflow|pasta|unroll|inline -fno-limit-debug-info -gcc-toolchain /tools/Xilinx/Vitis_HLS/2022.2/tps/lnx64/gcc-8.3.0 -fhls -fno-exceptions -E -g -I/data/matthew/matmult/src -fno-math-errno -c -emit-llvm -mllvm -disable-llvm-optzns -Werror=implicit-function-declaration -Werror=implicit-hls-streams -Werror=return-type -Wpragmas -Wunused-parameter -Wdump-hls-pragmas -Wno-error=dump-hls-pragmas -fno-threadsafe-statics -fno-use-cxa-atexit -std=gnu++14 -target fpga64-xilinx-linux-gnu -fno-threadsafe-statics -fno-use-cxa-atexit -D__VITIS_HLS__ -DAESL_SYN -D__SYNTHESIS__ -D__HLS_SYN__ -I /tools/Xilinx/Vitis_HLS/2022.2/common/technology/autopilot -I /tools/Xilinx/Vitis_HLS/2022.2/common/technology/autopilot/ap_sysc -include etc/autopilot_ssdm_op.h -D__DSP48E2__ -I /usr/include/x86_64-linux-gnu -o /data/matthew/matmult/hw_emu/_x/block_mm/top/top/solution/.autopilot/db/block_mm_entry.pp.0.cpp -hls-platform-db-name=/tools/Xilinx/Vitis_HLS/2022.2/common/technology/xilinx/common/platform.db -hls-platform-name=virtexuplus_medium -device-resource-info=BRAM_4320.000000_DSP_6840.000000_FF_2364480.000000_LUT_1182240.000000_SLICE_147780.000000_SLR_3.000000_URAM_960.000000 -device-name-info=xcu200-fsgd2104-2-e > /data/matthew/matmult/hw_emu/_x/block_mm/top/top/solution/.autopilot/db/block_mm_entry.cpp.clang.out.log 2> /data/matthew/matmult/hw_emu/_x/block_mm/top/top/solution/.autopilot/db/block_mm_entry.cpp.clang.err.log 
Command         ap_eval done; 0.25 sec.
INFO-FLOW: Done: GCC PP 39 time: 0.3 seconds per iteration
Execute         set_directive_top top -name=top 
Execute         source /tools/Xilinx/Vitis_HLS/2022.2/tps/tcl/tcllib1.11.1/yaml/huddle.tcl 
Execute         source /tools/Xilinx/Vitis_HLS/2022.2/tps/tcl/tcllib1.11.1/yaml/json2huddle.tcl 
INFO-FLOW: Source syntax check for synthesis
Execute         ap_eval exec -ignorestderr /tools/Xilinx/Vitis_HLS/2022.2/lnx64/tools/clang-3.9-csynth/bin/clang -foptimization-record-file=/data/matthew/matmult/hw_emu/_x/block_mm/top/top/solution/.autopilot/db/clang.diag.yml -mllvm -pass-remarks-missed=reflow|pasta|unroll -mllvm -pass-remarks=reflow|pasta|unroll|inline -fsyntax-only -fhls -target fpga64-xilinx-linux-gnu /data/matthew/matmult/hw_emu/_x/block_mm/top/top/solution/.autopilot/db/block_mm_entry.pp.0.cpp -hls-platform-db-name=/tools/Xilinx/Vitis_HLS/2022.2/common/technology/xilinx/common/platform.db -hls-platform-name=virtexuplus_medium -device-resource-info=BRAM_4320.000000_DSP_6840.000000_FF_2364480.000000_LUT_1182240.000000_SLICE_147780.000000_SLR_3.000000_URAM_960.000000 -device-name-info=xcu200-fsgd2104-2-e > /data/matthew/matmult/hw_emu/_x/block_mm/top/top/solution/.autopilot/db/clang.out.log 2> /data/matthew/matmult/hw_emu/_x/block_mm/top/top/solution/.autopilot/db/clang.err.log 
Command         ap_eval done; 0.42 sec.
WARNING: [HLS 207-5557] Unsupported interface port data type in '#pragma HLS interface bram' (/data/matthew/matmult/src/block_mm_entry.cpp:5:33)
Execute         clang_tidy xilinx-systemc-detector -desc systemc-detector /data/matthew/matmult/hw_emu/_x/block_mm/top/top/solution/.autopilot/db/block_mm_entry.pp.0.cpp std=gnu++14 -target fpga  -directive=/data/matthew/matmult/hw_emu/_x/block_mm/top/top/solution/.autopilot/db/.systemc_flag 
INFO-FLOW: exec /tools/Xilinx/Vitis_HLS/2022.2/lnx64/tools/clang-3.9-csynth/bin/clang-tidy -header-filter=.* --checks=-*,xilinx-systemc-detector -import-directive=/data/matthew/matmult/hw_emu/_x/block_mm/top/top/solution/.autopilot/db/.systemc_flag -fix-errors /data/matthew/matmult/hw_emu/_x/block_mm/top/top/solution/.autopilot/db/block_mm_entry.pp.0.cpp -- -std=gnu++14 -target fpga -fhls -ferror-limit=0
Command         clang_tidy done; 0.27 sec.
INFO-FLOW: Running: clang-tidy CDT preprocess 39
Execute         clang_tidy xilinx-directive2pragma -desc directive2pragma /data/matthew/matmult/hw_emu/_x/block_mm/top/top/solution/.autopilot/db/block_mm_entry.pp.0.cpp std=gnu++14 -target fpga  -directive=/data/matthew/matmult/hw_emu/_x/block_mm/top/top/solution/.autopilot/db/all.directive.json 
INFO-FLOW: exec /tools/Xilinx/Vitis_HLS/2022.2/lnx64/tools/clang-3.9-csynth/bin/clang-tidy -header-filter=.* --checks=-*,xilinx-directive2pragma -import-directive=/data/matthew/matmult/hw_emu/_x/block_mm/top/top/solution/.autopilot/db/all.directive.json -fix-errors /data/matthew/matmult/hw_emu/_x/block_mm/top/top/solution/.autopilot/db/block_mm_entry.pp.0.cpp -- -std=gnu++14 -target fpga -fhls -ferror-limit=0
Command         clang_tidy done; 0.47 sec.
Execute         clang_tidy xilinx-remove-assert -desc remove-assert /data/matthew/matmult/hw_emu/_x/block_mm/top/top/solution/.autopilot/db/block_mm_entry.pp.0.cpp std=gnu++14 -target fpga  
INFO-FLOW: exec /tools/Xilinx/Vitis_HLS/2022.2/lnx64/tools/clang-3.9-csynth/bin/clang-tidy -header-filter=.* --checks=-*,xilinx-remove-assert -fix-errors /data/matthew/matmult/hw_emu/_x/block_mm/top/top/solution/.autopilot/db/block_mm_entry.pp.0.cpp -- -std=gnu++14 -target fpga -fhls -ferror-limit=0
Command         clang_tidy done; 0.28 sec.
INFO-FLOW: Done: clang-tidy CDT preprocess 39 time: 0.8 seconds per iteration
INFO-FLOW: Calling xilinx-label-all-loops ... 
INFO-FLOW: Calling xilinx-aggregate-on-hls-vector ... 
Execute         clang_tidy -errorcheck -desc loop-label xilinx-label-all-loops,xilinx-aggregate-on-hls-vector,,xilinx-warn-mayneed-no-ctor-attribute /data/matthew/matmult/hw_emu/_x/block_mm/top/top/solution/.autopilot/db/block_mm_entry.pp.0.cpp std=gnu++14 -target fpga  
Execute           ap_eval exec -ignorestderr /tools/Xilinx/Vitis_HLS/2022.2/lnx64/tools/clang-3.9-csynth/bin/clang-tidy -export-fixes=/data/matthew/matmult/hw_emu/_x/block_mm/top/top/solution/.autopilot/db/block_mm_entry.pp.0.cpp.clang-tidy.loop-label.diag.yml -header-filter=.* --checks=-*,xilinx-label-all-loops,xilinx-aggregate-on-hls-vector,,xilinx-warn-mayneed-no-ctor-attribute -fix-errors /data/matthew/matmult/hw_emu/_x/block_mm/top/top/solution/.autopilot/db/block_mm_entry.pp.0.cpp -- -std=gnu++14 -target fpga -fhls -ferror-limit=0 > /data/matthew/matmult/hw_emu/_x/block_mm/top/top/solution/.autopilot/db/block_mm_entry.pp.0.cpp.clang-tidy.loop-label.out.log 2> /data/matthew/matmult/hw_emu/_x/block_mm/top/top/solution/.autopilot/db/block_mm_entry.pp.0.cpp.clang-tidy.loop-label.err.log 
Command           ap_eval done; 0.53 sec.
Execute           source /tools/Xilinx/Vitis_HLS/2022.2/tps/tcl/tcllib1.11.1/yaml/yaml.tcl 
Command         clang_tidy done; 0.55 sec.
Execute         ap_eval exec -ignorestderr /tools/Xilinx/Vitis_HLS/2022.2/lnx64/tools/clang-3.9-csynth/bin/xilinx-dataflow-lawyer -export-fixes=/data/matthew/matmult/hw_emu/_x/block_mm/top/top/solution/.autopilot/db/block_mm_entry.pp.0.cpp.xilinx-dataflow-lawyer.diag.yml /data/matthew/matmult/hw_emu/_x/block_mm/top/top/solution/.autopilot/db/block_mm_entry.pp.0.cpp -- -std=gnu++14 -target fpga -fhls -ferror-limit=0 -fstrict-dataflow > /data/matthew/matmult/hw_emu/_x/block_mm/top/top/solution/.autopilot/db/block_mm_entry.pp.0.cpp.xilinx-dataflow-lawyer.out.log 2> /data/matthew/matmult/hw_emu/_x/block_mm/top/top/solution/.autopilot/db/block_mm_entry.pp.0.cpp.xilinx-dataflow-lawyer.err.log 
Command         ap_eval done; 0.26 sec.
WARNING: [HLS 214-113] Either use an argument of the function or declare the variable inside the dataflow loop body (/data/matthew/matmult/src/block_mm_entry.cpp:28:16)
WARNING: [HLS 214-113] Either use an argument of the function or declare the variable inside the dataflow loop body (/data/matthew/matmult/src/block_mm_entry.cpp:28:25)
WARNING: [HLS 214-113] Either use an argument of the function or declare the variable inside the dataflow loop body (/data/matthew/matmult/src/block_mm_entry.cpp:29:15)
WARNING: [HLS 214-113] Either use an argument of the function or declare the variable inside the dataflow loop body (/data/matthew/matmult/src/block_mm_entry.cpp:29:24)
WARNING: [HLS 214-114] Since the only kind of statements allowed in a canonical dataflow region are variable declarations and function calls, the compiler may not be able to correctly handle the region (/data/matthew/matmult/src/block_mm_entry.cpp:13:9)
Execute         send_msg_by_id WARNING @200-471@%s%s 5 /data/matthew/matmult/src/block_mm_entry.cpp 
WARNING: [HLS 200-471] Dataflow form checks found 5 issue(s) in file /data/matthew/matmult/src/block_mm_entry.cpp
Execute         ap_part_info -name xcu200-fsgd2104-2-e -data info 
INFO-FLOW: compiling source code to llvm bc
Execute         ap_eval exec -ignorestderr /tools/Xilinx/Vitis_HLS/2022.2/lnx64/tools/clang-3.9-csynth/bin/clang -foptimization-record-file=/data/matthew/matmult/hw_emu/_x/block_mm/top/top/solution/.autopilot/db/block_mm_entry.pp.0.cpp.clang.diag.yml -mllvm -pass-remarks-missed=reflow|pasta|unroll -mllvm -pass-remarks=reflow|pasta|unroll|inline -fno-limit-debug-info -fhls -flto -fno-exceptions -Wno-error=c++11-narrowing /data/matthew/matmult/hw_emu/_x/block_mm/top/top/solution/.autopilot/db/block_mm_entry.pp.0.cpp -g -I/data/matthew/matmult/src -fno-math-errno -c -emit-llvm -mllvm -disable-llvm-optzns -Werror=implicit-function-declaration -Werror=implicit-hls-streams -Werror=return-type -Wpragmas -Wunused-parameter -Wdump-hls-pragmas -Wno-error=dump-hls-pragmas -fno-threadsafe-statics -fno-use-cxa-atexit -std=gnu++14 -target fpga64-xilinx-linux-gnu -D__VITIS_HLS__ -DAESL_SYN -D__SYNTHESIS__ -D__HLS_SYN__ -I /tools/Xilinx/Vitis_HLS/2022.2/common/technology/autopilot -I /tools/Xilinx/Vitis_HLS/2022.2/common/technology/autopilot/ap_sysc -include etc/autopilot_ssdm_op.h -D__DSP48E2__ -g -o /data/matthew/matmult/hw_emu/_x/block_mm/top/top/solution/.autopilot/db/block_mm_entry.bc -hls-platform-db-name=/tools/Xilinx/Vitis_HLS/2022.2/common/technology/xilinx/common/platform.db -hls-platform-name=virtexuplus_medium -device-resource-info=BRAM_4320.000000_DSP_6840.000000_FF_2364480.000000_LUT_1182240.000000_SLICE_147780.000000_SLR_3.000000_URAM_960.000000 -device-name-info=xcu200-fsgd2104-2-e > /data/matthew/matmult/hw_emu/_x/block_mm/top/top/solution/.autopilot/db/block_mm_entry.pp.0.cpp.clang.out.log 2> /data/matthew/matmult/hw_emu/_x/block_mm/top/top/solution/.autopilot/db/block_mm_entry.pp.0.cpp.clang.err.log 
Command         ap_eval done; 0.42 sec.
INFO: [HLS 200-111] Finished Source Code Analysis and Preprocessing: CPU user time: 2.3 seconds. CPU system time: 0.8 seconds. Elapsed time: 3.1 seconds; current allocated memory: 1.074 GB.
INFO-FLOW: Linking Debug ...
INFO-FLOW: Linking dut bc code.
Execute         run_link_or_opt -out /data/matthew/matmult/hw_emu/_x/block_mm/top/top/solution/.autopilot/db/a.g.ld.0.bc -args  "/data/matthew/matmult/hw_emu/_x/block_mm/top/top/solution/.autopilot/db/block_mm_entry.g.bc"  
Execute           ap_eval exec -ignorestderr /tools/Xilinx/Vitis_HLS/2022.2/lnx64/tools/clang-3.9-csynth/bin/llvm-link /data/matthew/matmult/hw_emu/_x/block_mm/top/top/solution/.autopilot/db/block_mm_entry.g.bc -o /data/matthew/matmult/hw_emu/_x/block_mm/top/top/solution/.autopilot/db/a.g.ld.0.bc > /data/matthew/matmult/hw_emu/_x/block_mm/top/top/solution/.autopilot/db/a.g.ld.0.bc.llvm-link.out.log 2> /data/matthew/matmult/hw_emu/_x/block_mm/top/top/solution/.autopilot/db/a.g.ld.0.bc.llvm-link.err.log 
INFO-FLOW: 
Execute         run_link_or_opt -opt -out /data/matthew/matmult/hw_emu/_x/block_mm/top/top/solution/.autopilot/db/a.g.ld.1.lower.bc -args /data/matthew/matmult/hw_emu/_x/block_mm/top/top/solution/.autopilot/db/a.g.ld.0.bc -reflow-lower-math-intrinsics 
Execute           ap_eval exec -ignorestderr /tools/Xilinx/Vitis_HLS/2022.2/lnx64/tools/clang-3.9-csynth/bin/opt -pass-remarks-missed=reflow|pasta|unroll -pass-remarks=reflow|pasta|unroll|inline -pass-remarks-output=/data/matthew/matmult/hw_emu/_x/block_mm/top/top/solution/.autopilot/db/a.g.ld.1.lower.bc.opt.diag.yml /data/matthew/matmult/hw_emu/_x/block_mm/top/top/solution/.autopilot/db/a.g.ld.0.bc -reflow-lower-math-intrinsics -o /data/matthew/matmult/hw_emu/_x/block_mm/top/top/solution/.autopilot/db/a.g.ld.1.lower.bc > /data/matthew/matmult/hw_emu/_x/block_mm/top/top/solution/.autopilot/db/a.g.ld.1.lower.bc.opt.out.log 2> /data/matthew/matmult/hw_emu/_x/block_mm/top/top/solution/.autopilot/db/a.g.ld.1.lower.bc.opt.err.log 
INFO-FLOW: 
INFO-FLOW: Linking math bc lib
Execute         run_link_or_opt -out /data/matthew/matmult/hw_emu/_x/block_mm/top/top/solution/.autopilot/db/a.g.ld.2.m1.bc -args /data/matthew/matmult/hw_emu/_x/block_mm/top/top/solution/.autopilot/db/a.g.ld.1.lower.bc -only-needed /tools/Xilinx/Vitis_HLS/2022.2/lnx64/lib/libhlsm_39.bc /tools/Xilinx/Vitis_HLS/2022.2/lnx64/lib/libhlsmc++_39.bc 
Execute           ap_eval exec -ignorestderr /tools/Xilinx/Vitis_HLS/2022.2/lnx64/tools/clang-3.9-csynth/bin/llvm-link /data/matthew/matmult/hw_emu/_x/block_mm/top/top/solution/.autopilot/db/a.g.ld.1.lower.bc -only-needed /tools/Xilinx/Vitis_HLS/2022.2/lnx64/lib/libhlsm_39.bc /tools/Xilinx/Vitis_HLS/2022.2/lnx64/lib/libhlsmc++_39.bc -o /data/matthew/matmult/hw_emu/_x/block_mm/top/top/solution/.autopilot/db/a.g.ld.2.m1.bc > /data/matthew/matmult/hw_emu/_x/block_mm/top/top/solution/.autopilot/db/a.g.ld.2.m1.bc.llvm-link.out.log 2> /data/matthew/matmult/hw_emu/_x/block_mm/top/top/solution/.autopilot/db/a.g.ld.2.m1.bc.llvm-link.err.log 
Command           ap_eval done; 2.49 sec.
INFO-FLOW: 
Command         run_link_or_opt done; 2.49 sec.
Execute         run_link_or_opt -opt -out /data/matthew/matmult/hw_emu/_x/block_mm/top/top/solution/.autopilot/db/a.g.ld.3.fpc.bc -args /data/matthew/matmult/hw_emu/_x/block_mm/top/top/solution/.autopilot/db/a.g.ld.2.m1.bc -reflow-globaldce -hls-top-function-name=top -reflow-float-conversion 
Execute           ap_eval exec -ignorestderr /tools/Xilinx/Vitis_HLS/2022.2/lnx64/tools/clang-3.9-csynth/bin/opt -pass-remarks-missed=reflow|pasta|unroll -pass-remarks=reflow|pasta|unroll|inline -pass-remarks-output=/data/matthew/matmult/hw_emu/_x/block_mm/top/top/solution/.autopilot/db/a.g.ld.3.fpc.bc.opt.diag.yml /data/matthew/matmult/hw_emu/_x/block_mm/top/top/solution/.autopilot/db/a.g.ld.2.m1.bc -reflow-globaldce -hls-top-function-name=top -reflow-float-conversion -o /data/matthew/matmult/hw_emu/_x/block_mm/top/top/solution/.autopilot/db/a.g.ld.3.fpc.bc > /data/matthew/matmult/hw_emu/_x/block_mm/top/top/solution/.autopilot/db/a.g.ld.3.fpc.bc.opt.out.log 2> /data/matthew/matmult/hw_emu/_x/block_mm/top/top/solution/.autopilot/db/a.g.ld.3.fpc.bc.opt.err.log 
Command           ap_eval done; 0.92 sec.
INFO-FLOW: 
Command         run_link_or_opt done; 0.93 sec.
Execute         run_link_or_opt -out /data/matthew/matmult/hw_emu/_x/block_mm/top/top/solution/.autopilot/db/a.g.ld.4.m2.bc -args /data/matthew/matmult/hw_emu/_x/block_mm/top/top/solution/.autopilot/db/a.g.ld.3.fpc.bc -only-needed /tools/Xilinx/Vitis_HLS/2022.2/lnx64/lib/libfloatconversion_39.bc 
Execute           ap_eval exec -ignorestderr /tools/Xilinx/Vitis_HLS/2022.2/lnx64/tools/clang-3.9-csynth/bin/llvm-link /data/matthew/matmult/hw_emu/_x/block_mm/top/top/solution/.autopilot/db/a.g.ld.3.fpc.bc -only-needed /tools/Xilinx/Vitis_HLS/2022.2/lnx64/lib/libfloatconversion_39.bc -o /data/matthew/matmult/hw_emu/_x/block_mm/top/top/solution/.autopilot/db/a.g.ld.4.m2.bc > /data/matthew/matmult/hw_emu/_x/block_mm/top/top/solution/.autopilot/db/a.g.ld.4.m2.bc.llvm-link.out.log 2> /data/matthew/matmult/hw_emu/_x/block_mm/top/top/solution/.autopilot/db/a.g.ld.4.m2.bc.llvm-link.err.log 
INFO-FLOW: 
Execute         run_link_or_opt -opt -out /data/matthew/matmult/hw_emu/_x/block_mm/top/top/solution/.autopilot/db/a.g.ld.5.gdce.bc -args /data/matthew/matmult/hw_emu/_x/block_mm/top/top/solution/.autopilot/db/a.g.ld.4.m2.bc -reflow-globaldce -hls-top-function-name=top 
Execute           ap_eval exec -ignorestderr /tools/Xilinx/Vitis_HLS/2022.2/lnx64/tools/clang-3.9-csynth/bin/opt -pass-remarks-missed=reflow|pasta|unroll -pass-remarks=reflow|pasta|unroll|inline -pass-remarks-output=/data/matthew/matmult/hw_emu/_x/block_mm/top/top/solution/.autopilot/db/a.g.ld.5.gdce.bc.opt.diag.yml /data/matthew/matmult/hw_emu/_x/block_mm/top/top/solution/.autopilot/db/a.g.ld.4.m2.bc -reflow-globaldce -hls-top-function-name=top -o /data/matthew/matmult/hw_emu/_x/block_mm/top/top/solution/.autopilot/db/a.g.ld.5.gdce.bc > /data/matthew/matmult/hw_emu/_x/block_mm/top/top/solution/.autopilot/db/a.g.ld.5.gdce.bc.opt.out.log 2> /data/matthew/matmult/hw_emu/_x/block_mm/top/top/solution/.autopilot/db/a.g.ld.5.gdce.bc.opt.err.log 
INFO-FLOW: 
Execute         send_msg_by_id INFO @200-777@%s Vitis 
INFO: [HLS 200-777] Using interface defaults for 'Vitis' flow target.
Execute         is_m_axi_addr64 
INFO-FLOW: Doing LTO.
Execute         ap_eval exec -ignorestderr /tools/Xilinx/Vitis_HLS/2022.2/lnx64/tools/clang-3.9-csynth/bin/clang -foptimization-record-file=/data/matthew/matmult/hw_emu/_x/block_mm/top/top/solution/.autopilot/db/a.g.ld.0.bc.clang.diag.yml -mllvm -pass-remarks-missed=reflow|pasta|unroll -mllvm -pass-remarks=reflow|pasta|unroll|inline -fhls -mllvm -hls-top-function-name=top -mllvm -hls-db-dir -mllvm /data/matthew/matmult/hw_emu/_x/block_mm/top/top/solution/.autopilot/db -emit-llvm -c -target fpga64-xilinx-none -mllvm -xcl-xmlinfo=/data/matthew/matmult/hw_emu/_x/block_mm/top/top/solution/.autopilot/db/../../../kernel.xml -mllvm -top-io-mapping-info=/data/matthew/matmult/hw_emu/_x/block_mm/top/top/solution/.autopilot/db/top-io-fe.xml -mllvm -hls-bitcode-version=3.1 -mllvm -reflow-enable-slave-interface-default-setting=true -mllvm -gen-kernel-xml=true -mllvm -default-maxi-offset=slave -mllvm -maxi-latency=64 -mllvm -hls-maxi-data-size-in-bits=8 -mllvm -hls-maxi-max-data-size-in-bits=1024 -mllvm -hls-max-widen-size-in-bits=512 -mllvm -xcl-kernel-max-mem-ports=0 -mllvm -maxi-read-trans=16 -mllvm -maxi-write-trans=16 -mllvm -maxi-read-burst-len=16 -mllvm -maxi-write-burst-len=16 -mllvm -reflow-enable-saxi-64bits=0 -mllvm -reflow-basic-block-instr-threshold=200000 -mllvm -reflow-auto-pipeline-threshold=64 -mllvm -reflow-enable-maxi-auto-id-channel=0 -mllvm -assume-maxi-align=64 -mllvm -reflow-pipeline-style-llvm-setting=2 -mllvm -reflow-enable-dataflow-strict-mode-checking=1 -mllvm -reflow-auto-array-partition-mode=default -mllvm -reflow-enable-auto-array-partition=true -mllvm -reflow-enable-auto-parallel-performance-driven=true -mllvm -reflow-enable-partition-for-automation=true -mllvm -reflow-aggregate-bitwidth-threshold=4096 -mllvm -reflow-assume-no-address-wrap=true -mllvm -hls -mllvm -disable-inlined-alloca-merging=true -mllvm -enable-reflow-vitis-flow-setting=true -mllvm -default-clock-period=3.333 -x ir /data/matthew/matmult/hw_emu/_x/block_mm/top/top/solution/.autopilot/db/a.g.ld.5.gdce.bc -o /data/matthew/matmult/hw_emu/_x/block_mm/top/top/solution/.autopilot/db/a.g.lto.bc -hls-platform-db-name=/tools/Xilinx/Vitis_HLS/2022.2/common/technology/xilinx/common/platform.db -hls-platform-name=virtexuplus_medium -device-resource-info=BRAM_4320.000000_DSP_6840.000000_FF_2364480.000000_LUT_1182240.000000_SLICE_147780.000000_SLR_3.000000_URAM_960.000000 -device-name-info=xcu200-fsgd2104-2-e > /data/matthew/matmult/hw_emu/_x/block_mm/top/top/solution/.autopilot/db/a.g.ld.0.bc.clang.out.log 2> /data/matthew/matmult/hw_emu/_x/block_mm/top/top/solution/.autopilot/db/a.g.ld.0.bc.clang.err.log 
Command         ap_eval done; error code: 1; 0.24 sec.
ERROR: [HLS 214-244] in function 'top(blockvec*, blockvec*, blockmat)': Failed to implement stream interface on variable 'pipe'. Each array element of 'pipe' must: (a) be accessed only once, (b) read or write the whole array element in one operation and (c) be accessed in sequential order. (/data/matthew/matmult/src/block_mm_entry.cpp:14:24)
Execute         send_msg_by_id ERROR @200-1715@ 
ERROR: [HLS 200-1715] Encountered problem during source synthesis
INFO-FLOW: Error in clang_39: 
INFO-FLOW: Caught error in elaborate: Pre-synthesis failed.
    while executing
"AP::ap_link_39 [::AP::get_bc_list  $dbgInfo] $skip_transform $LLVMFlags $dbgInfo"
    (procedure "AP::compile_dut_files_39" line 19)
    invoked from within
"AP::compile_dut_files_39 $dut_files $dbgInfo $skip_cdt $skip_transform"
    (procedure "AP::compile" line 103)
    invoked from within
"AP::compile 1 $skip_cdt $skip_transform"
    (procedure "ap_internal_elaborate" line 83)
    invoked from within
"ap_internal_elaborate "
Command       elaborate done; error code: 2; 7.11 sec.
INFO-FLOW: Caught error in csynth_design: Pre-synthesis failed.
    while executing
"ap_internal_csynth_design "
Command     csynth_design done; error code: 2; 7.12 sec.
INFO: [HLS 200-111] Finished Command csynth_design CPU user time: 5.62 seconds. CPU system time: 1.48 seconds. Elapsed time: 7.12 seconds; current allocated memory: 1.977 MB.
Command   ap_source done; error code: 1; 10.4 sec.
Execute   cleanup_all 
