/data/matthew/matmult/hw_emu/_x/block_mm/top/top.tcl:27:9: warning: HLS pragma dump _XLX_SEP_ PragmaIsValid=1_XLX_SEP_ PragmaType=top_XLX_SEP_ PragmaContext=directive_XLX_SEP_ PragmaFunction=top_XLX_SEP_ PragmaOptions=name=top_XLX_SEP_ [-Wdump-hls-pragmas]
#pragma HLSDIRECTIVE TOP name=top
        ^
/data/matthew/matmult/src/block_mm_entry.cpp:5:33: warning: Unsupported interface port data type in '#pragma HLS interface bram' [-Wignored-hls-pragmas]
#pragma HLS INTERFACE bram port=C storage_type=ram_2p
                                ^
/data/matthew/matmult/src/block_mm_entry.cpp:5:9: warning: HLS pragma dump _XLX_SEP_ PragmaIsValid=0_XLX_SEP_ PragmaType=interface_XLX_SEP_ PragmaContext=_XLX_SEP_ PragmaFunction=top_XLX_SEP_ PragmaOptions=bram port=C storage_type=ram_2p_XLX_SEP_ [-Wdump-hls-pragmas]
#pragma HLS INTERFACE bram port=C storage_type=ram_2p
        ^
/data/matthew/matmult/src/block_mm_entry.cpp:7:9: warning: HLS pragma dump _XLX_SEP_ PragmaIsValid=1_XLX_SEP_ PragmaType=interface_XLX_SEP_ PragmaContext=_XLX_SEP_ PragmaFunction=top_XLX_SEP_ PragmaOptions=m_axi port=A bundle=gmem0 offset=slave_XLX_SEP_ [-Wdump-hls-pragmas]
#pragma HLS INTERFACE m_axi port=A bundle=gmem0 offset=slave
        ^
/data/matthew/matmult/src/block_mm_entry.cpp:8:9: warning: HLS pragma dump _XLX_SEP_ PragmaIsValid=1_XLX_SEP_ PragmaType=interface_XLX_SEP_ PragmaContext=_XLX_SEP_ PragmaFunction=top_XLX_SEP_ PragmaOptions=m_axi port=B bundle=gmem1 offset=slave_XLX_SEP_ [-Wdump-hls-pragmas]
#pragma HLS INTERFACE m_axi port=B bundle=gmem1 offset=slave
        ^
/data/matthew/matmult/src/block_mm_entry.cpp:9:9: warning: HLS pragma dump _XLX_SEP_ PragmaIsValid=1_XLX_SEP_ PragmaType=interface_XLX_SEP_ PragmaContext=_XLX_SEP_ PragmaFunction=top_XLX_SEP_ PragmaOptions=s_axilite port=A bundle=control_XLX_SEP_ [-Wdump-hls-pragmas]
#pragma HLS INTERFACE s_axilite port=A bundle=control
        ^
/data/matthew/matmult/src/block_mm_entry.cpp:10:9: warning: HLS pragma dump _XLX_SEP_ PragmaIsValid=1_XLX_SEP_ PragmaType=interface_XLX_SEP_ PragmaContext=_XLX_SEP_ PragmaFunction=top_XLX_SEP_ PragmaOptions=s_axilite port=B bundle=control_XLX_SEP_ [-Wdump-hls-pragmas]
#pragma HLS INTERFACE s_axilite port=B bundle=control
        ^
/data/matthew/matmult/src/block_mm_entry.cpp:11:9: warning: HLS pragma dump _XLX_SEP_ PragmaIsValid=1_XLX_SEP_ PragmaType=interface_XLX_SEP_ PragmaContext=_XLX_SEP_ PragmaFunction=top_XLX_SEP_ PragmaOptions=s_axilite port=return bundle=control_XLX_SEP_ [-Wdump-hls-pragmas]
#pragma HLS INTERFACE s_axilite port=return bundle=control
        ^
/data/matthew/matmult/src/block_mm_entry.cpp:12:9: warning: HLS pragma dump _XLX_SEP_ PragmaIsValid=1_XLX_SEP_ PragmaType=aggregate_XLX_SEP_ PragmaContext=_XLX_SEP_ PragmaFunction=top_XLX_SEP_ PragmaOptions=variable=C_XLX_SEP_ [-Wdump-hls-pragmas]
#pragma HLS aggregate variable=C
        ^
/data/matthew/matmult/src/block_mm_entry.cpp:13:9: warning: HLS pragma dump _XLX_SEP_ PragmaIsValid=1_XLX_SEP_ PragmaType=dataflow_XLX_SEP_ PragmaContext=_XLX_SEP_ PragmaFunction=top_XLX_SEP_ PragmaOptions=_XLX_SEP_ [-Wdump-hls-pragmas]
#pragma HLS DATAFLOW
        ^
/data/matthew/matmult/src/block_mm_entry.cpp:15:9: warning: HLS pragma dump _XLX_SEP_ PragmaIsValid=1_XLX_SEP_ PragmaType=stream_XLX_SEP_ PragmaContext=_XLX_SEP_ PragmaFunction=top_XLX_SEP_ PragmaOptions=variable=pipe depth=8_XLX_SEP_ [-Wdump-hls-pragmas]
#pragma HLS STREAM variable=pipe depth=8
        ^
/data/matthew/matmult/src/block_mm_entry.cpp:25:9: warning: HLS pragma dump _XLX_SEP_ PragmaIsValid=1_XLX_SEP_ PragmaType=dataflow_XLX_SEP_ PragmaContext=_XLX_SEP_ PragmaFunction=top_XLX_SEP_ PragmaOptions=_XLX_SEP_ [-Wdump-hls-pragmas]
#pragma HLS DATAFLOW
        ^
12 warnings generated.
