
*** Running vitis_hls
    with args -f top.tcl -messageDb vitis_hls.pb


****** Vitis HLS - High-Level Synthesis from C, C++ and OpenCL v2022.2 (64-bit)
  **** SW Build 3670227 on Oct 13 2022
  **** IP Build 3669848 on Fri Oct 14 08:30:02 MDT 2022
    ** Copyright 1986-2022 Xilinx, Inc. All Rights Reserved.

source /tools/Xilinx/Vitis_HLS/2022.2/scripts/vitis_hls/hls.tcl -notrace
INFO: [HLS 200-10] Running '/tools/Xilinx/Vitis_HLS/2022.2/bin/unwrapped/lnx64.o/vitis_hls'
INFO: [HLS 200-10] For user 'matthew' on host 'yangzi' (Linux_x86_64 version 5.4.0-150-generic) on Fri Feb 16 12:53:12 PST 2024
INFO: [HLS 200-10] On os Ubuntu 18.04.5 LTS
INFO: [HLS 200-10] In directory '/data/matthew/matmult_u200/u200/hw_emu/_x/block_mm/top'
Sourcing Tcl script 'top.tcl'
INFO: [HLS 200-1510] Running: open_project top 
INFO: [HLS 200-10] Creating and opening project '/data/matthew/matmult_u200/u200/hw_emu/_x/block_mm/top/top'.
INFO: [HLS 200-1510] Running: set_top top 
INFO: [HLS 200-1510] Running: add_files /data/matthew/matmult_u200/src/block_mm.cpp -cflags  -g -I /data/matthew/matmult_u200/src 
INFO: [HLS 200-10] Adding design file '/data/matthew/matmult_u200/src/block_mm.cpp' to the project
INFO: [HLS 200-1510] Running: open_solution -flow_target vitis solution 
INFO: [HLS 200-10] Creating and opening solution '/data/matthew/matmult_u200/u200/hw_emu/_x/block_mm/top/top/solution'.
INFO: [HLS 200-1505] Using flow_target 'vitis'
Resolution: For help on HLS 200-1505 see www.xilinx.com/cgi-bin/docs/rdoc?v=2022.2;t=hls+guidance;d=200-1505.html
INFO: [HLS 200-435] Setting 'open_solution -flow_target vitis' configuration: config_interface -m_axi_latency=64
INFO: [HLS 200-435] Setting 'open_solution -flow_target vitis' configuration: config_interface -m_axi_alignment_byte_size=64
INFO: [HLS 200-435] Setting 'open_solution -flow_target vitis' configuration: config_interface -m_axi_max_widen_bitwidth=512
INFO: [HLS 200-435] Setting 'open_solution -flow_target vitis' configuration: config_rtl -register_reset_num=3
INFO: [HLS 200-1510] Running: set_part xcu200-fsgd2104-2-e 
INFO: [HLS 200-1611] Setting target device to 'xcu200-fsgd2104-2-e'
INFO: [HLS 200-1510] Running: create_clock -period 300.000000MHz -name default 
INFO: [SYN 201-201] Setting up clock 'default' with a period of 3.333ns.
INFO: [HLS 200-1510] Running: config_rtl -kernel_profile 
INFO: [HLS 200-1510] Running: config_dataflow -strict_mode warning 
INFO: [HLS 200-1510] Running: config_debug -enable 
INFO: [HLS 200-1510] Running: config_export -deadlock_detection sim 
WARNING: [HLS 200-483] The 'config_export -deadlock_detection' command is deprecated and will be removed in a future release. Use 'config_rtl -deadlock_detection' as its replacement.
INFO: [HLS 200-1907] Replacing 'config_export -deadlock_detection=sim' with 'config_rtl -deadlock_detection=sim' in current solution file
INFO: [HLS 200-1510] Running: config_interface -m_axi_conservative_mode=1 
INFO: [HLS 200-1510] Running: config_interface -m_axi_addr64 
INFO: [HLS 200-1510] Running: config_interface -m_axi_auto_max_ports=0 
INFO: [HLS 200-1510] Running: config_export -format xo -ipname top 
INFO: [HLS 200-1907] Replacing 'config_export -deadlock_detection=sim' with 'config_rtl -deadlock_detection=sim' in current solution file
INFO: [HLS 200-1510] Running: csynth_design 
INFO: [HLS 200-111] Finished File checks and directory preparation: CPU user time: 0.01 seconds. CPU system time: 0.01 seconds. Elapsed time: 0.02 seconds; current allocated memory: 1.072 GB.
INFO: [HLS 200-10] Analyzing design file '/data/matthew/matmult_u200/src/block_mm.cpp' ... 
ERROR: [HLS 207-3337] type 'blockmat' does not provide a subscript operator (/data/matthew/matmult_u200/src/block_mm.cpp:52:6)
ERROR: [HLS 207-3337] type 'hls::stream<blockvec>' does not provide a subscript operator (/data/matthew/matmult_u200/src/block_mm.cpp:52:24)
ERROR: [HLS 207-3337] type 'hls::stream<blockvec>' does not provide a subscript operator (/data/matthew/matmult_u200/src/block_mm.cpp:52:42)
INFO: [HLS 200-111] Finished Command csynth_design CPU user time: 0.49 seconds. CPU system time: 0.28 seconds. Elapsed time: 0.77 seconds; current allocated memory: 0.773 MB.
 
    while executing
"source top.tcl"
    ("uplevel" body line 1)
    invoked from within
"uplevel \#0 [list source $arg] "

INFO: [HLS 200-112] Total CPU user time: 3.8 seconds. Total CPU system time: 1.13 seconds. Total elapsed time: 4.73 seconds; peak allocated memory: 1.073 GB.
INFO: [Common 17-206] Exiting vitis_hls at Fri Feb 16 12:53:16 2024...
