Fri Feb 16 12:44:00 2024: Running xcd server. This server was built by gradle.
Fri Feb 16 12:44:00 2024: Server was asked to start on port: '33917'
Fri Feb 16 12:44:00 2024: Server is using token UUID: '898aaeb7-9e81-4e42-89df-a19dae257ecd'
Fri Feb 16 12:44:00 2024: SESSION_MGR: creating session with session uuid: '6d04a3e9-ade5-4ab9-8d63-1f78fcd2ec76' and name 'default'
Fri Feb 16 12:44:00 2024: Attempting to start server on port '33917'
Fri Feb 16 12:44:00 2024: XCD main fifo: created main fifo '/tmp/xcdmain898aaeb7-9e81-4e42-89df-a19dae257ecd', fd read = 13
Fri Feb 16 12:44:00 2024: Running Dispatch Server
Fri Feb 16 12:44:00 2024: Version 2.2.0
Fri Feb 16 12:44:09 2024: Dispatch Server: Accepted socket connection from client
Fri Feb 16 12:44:09 2024: Starting Socket connection
Fri Feb 16 12:44:09 2024: EXCHANGE_TOKEN received, server token: 898aaeb7-9e81-4e42-89df-a19dae257ecd, passed token: 898aaeb7-9e81-4e42-89df-a19dae257ecd
Fri Feb 16 12:44:09 2024: DISPATCH_HANDLER: Adding handler from function makeHandler in library libxv_system_diagram
Fri Feb 16 12:44:09 2024: SESSION_MGR: creating session with session uuid: '656bc85b-dbdb-433d-a802-9d839b902edb' and name 'v++_compile_block_mm'
Fri Feb 16 12:44:09 2024: KERNEL_SVC: creating session with uuid: '656bc85b-dbdb-433d-a802-9d839b902edb' and name 'v++_compile_block_mm'
Fri Feb 16 12:44:09 2024: GUIDANCE_SMGR: creating guidance session with uuid: '656bc85b-dbdb-433d-a802-9d839b902edb' and name 'v++_compile_block_mm'
Fri Feb 16 12:44:09 2024: SYSTEM_DIAGRAM: creating session with uuid: '656bc85b-dbdb-433d-a802-9d839b902edb' and name 'v++_compile_block_mm'
Fri Feb 16 12:44:27 2024: Dispatch Server: Accepted socket connection from client
Fri Feb 16 12:44:27 2024: Starting Socket connection
Fri Feb 16 12:44:29 2024: SESSION_MGR: closing session for UUID '656bc85b-dbdb-433d-a802-9d839b902edb' with name 'v++_compile_block_mm'
Fri Feb 16 12:44:29 2024: KERNEL_SVC: closing session for UUID '656bc85b-dbdb-433d-a802-9d839b902edb' with name 'v++_compile_block_mm'
Fri Feb 16 12:44:29 2024: GUIDANCE_SMGR: closing session for UUID '656bc85b-dbdb-433d-a802-9d839b902edb' with name 'v++_compile_block_mm'
Fri Feb 16 12:44:29 2024: SYSTEM_DIAGRAM: closing session for UUID '656bc85b-dbdb-433d-a802-9d839b902edb' with name 'v++_compile_block_mm'
Fri Feb 16 12:44:29 2024: STOP_SERVER received, server token: 898aaeb7-9e81-4e42-89df-a19dae257ecd, passed token: 898aaeb7-9e81-4e42-89df-a19dae257ecd
Fri Feb 16 12:44:29 2024: Socket received request to stop server.
Fri Feb 16 12:44:29 2024: Dispatch Server: do_await_stop
Fri Feb 16 12:44:29 2024: Dispatch Server: stopping mainFifo_
Fri Feb 16 12:44:29 2024: XCD main fifo: Stopping
Fri Feb 16 12:44:29 2024: XCD main fifo: do_read error code: Operation canceled
Fri Feb 16 12:44:29 2024: XCD main fifo: bytes_transferred: 0
Fri Feb 16 12:44:29 2024: SERVER: destructor for server bound to port 33917
Fri Feb 16 12:44:29 2024: XCD main fifo: Good unlink of /tmp/xcdmain898aaeb7-9e81-4e42-89df-a19dae257ecd
Fri Feb 16 12:44:29 2024: Server exiting with status 0.
Fri Feb 16 12:44:29 2024: Closing log file.
Fri Feb 16 12:52:49 2024: Running xcd server. This server was built by gradle.
Fri Feb 16 12:52:49 2024: Server was asked to start on port: '33127'
Fri Feb 16 12:52:49 2024: Server is using token UUID: 'f44f03db-eb2c-4365-88d1-7afe1823970e'
Fri Feb 16 12:52:49 2024: SESSION_MGR: creating session with session uuid: '6d04a3e9-ade5-4ab9-8d63-1f78fcd2ec76' and name 'default'
Fri Feb 16 12:52:49 2024: Attempting to start server on port '33127'
Fri Feb 16 12:52:49 2024: XCD main fifo: created main fifo '/tmp/xcdmainf44f03db-eb2c-4365-88d1-7afe1823970e', fd read = 13
Fri Feb 16 12:52:49 2024: Running Dispatch Server
Fri Feb 16 12:52:49 2024: Version 2.2.0
Fri Feb 16 12:52:58 2024: Dispatch Server: Accepted socket connection from client
Fri Feb 16 12:52:58 2024: Starting Socket connection
Fri Feb 16 12:52:58 2024: EXCHANGE_TOKEN received, server token: f44f03db-eb2c-4365-88d1-7afe1823970e, passed token: f44f03db-eb2c-4365-88d1-7afe1823970e
Fri Feb 16 12:52:58 2024: DISPATCH_HANDLER: Adding handler from function makeHandler in library libxv_system_diagram
Fri Feb 16 12:52:58 2024: SESSION_MGR: creating session with session uuid: '6649be97-5aaa-4c8e-9967-2b9d4616ffd1' and name 'v++_compile_block_mm'
Fri Feb 16 12:52:58 2024: KERNEL_SVC: creating session with uuid: '6649be97-5aaa-4c8e-9967-2b9d4616ffd1' and name 'v++_compile_block_mm'
Fri Feb 16 12:52:58 2024: GUIDANCE_SMGR: creating guidance session with uuid: '6649be97-5aaa-4c8e-9967-2b9d4616ffd1' and name 'v++_compile_block_mm'
Fri Feb 16 12:52:58 2024: SYSTEM_DIAGRAM: creating session with uuid: '6649be97-5aaa-4c8e-9967-2b9d4616ffd1' and name 'v++_compile_block_mm'
Fri Feb 16 12:53:16 2024: Dispatch Server: Accepted socket connection from client
Fri Feb 16 12:53:16 2024: Starting Socket connection
Fri Feb 16 12:53:17 2024: SESSION_MGR: closing session for UUID '6649be97-5aaa-4c8e-9967-2b9d4616ffd1' with name 'v++_compile_block_mm'
Fri Feb 16 12:53:17 2024: KERNEL_SVC: closing session for UUID '6649be97-5aaa-4c8e-9967-2b9d4616ffd1' with name 'v++_compile_block_mm'
Fri Feb 16 12:53:17 2024: GUIDANCE_SMGR: closing session for UUID '6649be97-5aaa-4c8e-9967-2b9d4616ffd1' with name 'v++_compile_block_mm'
Fri Feb 16 12:53:17 2024: SYSTEM_DIAGRAM: closing session for UUID '6649be97-5aaa-4c8e-9967-2b9d4616ffd1' with name 'v++_compile_block_mm'
Fri Feb 16 12:53:17 2024: STOP_SERVER received, server token: f44f03db-eb2c-4365-88d1-7afe1823970e, passed token: f44f03db-eb2c-4365-88d1-7afe1823970e
Fri Feb 16 12:53:17 2024: Socket received request to stop server.
Fri Feb 16 12:53:17 2024: Dispatch Server: do_await_stop
Fri Feb 16 12:53:17 2024: Dispatch Server: stopping mainFifo_
Fri Feb 16 12:53:17 2024: XCD main fifo: Stopping
Fri Feb 16 12:53:17 2024: XCD main fifo: do_read error code: Operation canceled
Fri Feb 16 12:53:17 2024: XCD main fifo: bytes_transferred: 0
Fri Feb 16 12:53:17 2024: SERVER: destructor for server bound to port 33127
Fri Feb 16 12:53:17 2024: XCD main fifo: Good unlink of /tmp/xcdmainf44f03db-eb2c-4365-88d1-7afe1823970e
Fri Feb 16 12:53:17 2024: Server exiting with status 0.
Fri Feb 16 12:53:17 2024: Closing log file.
